<?xml version='1.0' encoding='UTF-8'?>
<testsuite hostname="wammero" name="taskmanager.service.TaskServiceSpec" tests="11" errors="0" failures="0" skipped="0" time="0.69" timestamp="2026-02-19T17:02:23">
          <properties>
[...]
</properties>
          <testcase classname="taskmanager.service.TaskServiceSpec" name="TaskService - create — creates task with valid data" time="0.104">
                      
                    </testcase><testcase classname="taskmanager.service.TaskServiceSpec" name="TaskService - getById — returns existing task" time="0.105">
                      
                    </testcase><testcase classname="taskmanager.service.TaskServiceSpec" name="TaskService - create — fails with empty title" time="0.105">
                      
                    </testcase><testcase classname="taskmanager.service.TaskServiceSpec" name="TaskService - getById — returns TaskNotFound for missing ID" time="0.103">
                      
                    </testcase><testcase classname="taskmanager.service.TaskServiceSpec" name="TaskService - update — modifies task fields" time="0.032">
                      
                    </testcase><testcase classname="taskmanager.service.TaskServiceSpec" name="TaskService - update — returns TaskNotFound for missing ID" time="0.039">
                      
                    </testcase><testcase classname="taskmanager.service.TaskServiceSpec" name="TaskService - delete — removes task" time="0.046">
                      
                    </testcase><testcase classname="taskmanager.service.TaskServiceSpec" name="TaskService - list — returns all tasks and filters by status" time="0.06">
                      
                    </testcase><testcase classname="taskmanager.service.TaskServiceSpec" name="TaskService - delete — returns TaskNotFound for missing ID" time="0.037">
                      
                    </testcase><testcase classname="taskmanager.service.TaskServiceSpec" name="TaskService - deleteCompletedBefore — cleans up old completed tasks" time="0.033">
                      
                    </testcase><testcase classname="taskmanager.service.TaskServiceSpec" name="TaskService - deleteCompletedBefore — does NOT delete non-completed tasks" time="0.026">
                      
                    </testcase>
          <system-out><![CDATA[]]></system-out>
          <system-err><![CDATA[]]></system-err>
        </testsuite>